c:\users\kenny\documents\open frameworks projects\apps\myapps\graphics\obj\debug\ofapp.obj
c:\users\kenny\documents\open frameworks projects\apps\myapps\graphics\obj\debug\main.obj
c:\users\kenny\documents\open frameworks projects\apps\myapps\graphics\obj\debug\vc140.pdb
c:\users\kenny\documents\open frameworks projects\apps\myapps\graphics\bin\graphics_debug.lib
c:\users\kenny\documents\open frameworks projects\apps\myapps\graphics\bin\graphics_debug.exp
c:\users\kenny\documents\open frameworks projects\apps\myapps\graphics\bin\graphics_debug.ilk
c:\users\kenny\documents\open frameworks projects\apps\myapps\graphics\bin\graphics_debug.exe
c:\users\kenny\documents\open frameworks projects\apps\myapps\graphics\bin\graphics_debug.pdb
c:\users\kenny\documents\open frameworks projects\apps\myapps\graphics\obj\debug\icon.res
c:\users\kenny\documents\open frameworks projects\apps\myapps\graphics\obj\debug\graphics.vcxprojresolveassemblyreference.cache
c:\users\kenny\documents\open frameworks projects\apps\myapps\graphics\obj\debug\graphics.tlog\cl.command.1.tlog
c:\users\kenny\documents\open frameworks projects\apps\myapps\graphics\obj\debug\graphics.tlog\cl.read.1.tlog
c:\users\kenny\documents\open frameworks projects\apps\myapps\graphics\obj\debug\graphics.tlog\cl.write.1.tlog
c:\users\kenny\documents\open frameworks projects\apps\myapps\graphics\obj\debug\graphics.tlog\graphics.write.1u.tlog
c:\users\kenny\documents\open frameworks projects\apps\myapps\graphics\obj\debug\graphics.tlog\link.command.1.tlog
c:\users\kenny\documents\open frameworks projects\apps\myapps\graphics\obj\debug\graphics.tlog\link.read.1.tlog
c:\users\kenny\documents\open frameworks projects\apps\myapps\graphics\obj\debug\graphics.tlog\link.write.1.tlog
c:\users\kenny\documents\open frameworks projects\apps\myapps\graphics\obj\debug\graphics.tlog\rc.command.1.tlog
c:\users\kenny\documents\open frameworks projects\apps\myapps\graphics\obj\debug\graphics.tlog\rc.read.1.tlog
c:\users\kenny\documents\open frameworks projects\apps\myapps\graphics\obj\debug\graphics.tlog\rc.write.1.tlog
